\BOOKMARK [1][-]{section.1}{Introduction}{}
\BOOKMARK [2][-]{subsection.1.1}{Motivation for Separating Code and Configuration}{section.1}
\BOOKMARK [2][-]{subsection.1.2}{Rationale and other sources of information}{section.1}
\BOOKMARK [1][-]{section.2}{Data Processing}{}
\BOOKMARK [2][-]{subsection.2.1}{Data Processing}{section.2}
\BOOKMARK [3][-]{subsubsection.2.1.1}{Process data real time \(main\137process\137data\137rt.py\)}{subsection.2.1}
\BOOKMARK [3][-]{subsubsection.2.1.2}{Process data \(main\137process\137data.py\)}{subsection.2.1}
\BOOKMARK [3][-]{subsubsection.2.1.3}{Process data \(main\137process\137data\137period.py\)}{subsection.2.1}
\BOOKMARK [3][-]{subsubsection.2.1.4}{Process trajectories \(process\137trajectory.py\)}{subsection.2.1}
\BOOKMARK [1][-]{section.3}{Configuration}{}
\BOOKMARK [2][-]{subsection.3.1}{Main Configuration File}{section.3}
\BOOKMARK [2][-]{subsection.3.2}{Location Configuration File}{section.3}
\BOOKMARK [1][-]{section.4}{Product Generation Configuration}{}
\BOOKMARK [2][-]{subsection.4.1}{Basic Concept}{section.4}
\BOOKMARK [2][-]{subsection.4.2}{The concept of processing level}{section.4}
\BOOKMARK [2][-]{subsection.4.3}{Input Volume Datatypes}{section.4}
\BOOKMARK [2][-]{subsection.4.4}{Product Configuration File}{section.4}
\BOOKMARK [2][-]{subsection.4.5}{Input- and DataSet-Processing}{section.4}
\BOOKMARK [1][-]{section.5}{Datasets}{}
\BOOKMARK [2][-]{subsection.5.1}{VOL Datasets}{section.5}
\BOOKMARK [3][-]{subsubsection.5.1.1}{SAN}{subsection.5.1}
\BOOKMARK [3][-]{subsubsection.5.1.2}{RAW}{subsection.5.1}
\BOOKMARK [3][-]{subsubsection.5.1.3}{WINDSHEAR}{subsection.5.1}
\BOOKMARK [3][-]{subsubsection.5.1.4}{RAINRATE}{subsection.5.1}
\BOOKMARK [3][-]{subsubsection.5.1.5}{BACKSCATTER}{subsection.5.1}
\BOOKMARK [3][-]{subsubsection.5.1.6}{SPEC\137QUALITY}{subsection.5.1}
\BOOKMARK [3][-]{subsubsection.5.1.7}{SPHERECALIBRATION}{subsection.5.1}
\BOOKMARK [3][-]{subsubsection.5.1.8}{IQ\137RHOHV}{subsection.5.1}
\BOOKMARK [3][-]{subsubsection.5.1.9}{IQ\137ZDR}{subsection.5.1}
\BOOKMARK [2][-]{subsection.5.2}{RAY Datasets}{section.5}
\BOOKMARK [3][-]{subsubsection.5.2.1}{RAINEXTENSION}{subsection.5.2}
\BOOKMARK [2][-]{subsection.5.3}{TIMESERIES Datasets}{section.5}
\BOOKMARK [3][-]{subsubsection.5.3.1}{TRAJ\137ATPLANE}{subsection.5.3}
\BOOKMARK [3][-]{subsubsection.5.3.2}{TRAJ\137ANTENNA\137PATTERN}{subsection.5.3}
\BOOKMARK [3][-]{subsubsection.5.3.3}{POINT\137MEASUREMENT}{subsection.5.3}
\BOOKMARK [2][-]{subsection.5.4}{TIMEARRAY Datasets}{section.5}
\BOOKMARK [3][-]{subsubsection.5.4.1}{TIME\137HEIGHT}{subsection.5.4}
\BOOKMARK [3][-]{subsubsection.5.4.2}{TIME\137VECTOR}{subsection.5.4}
\BOOKMARK [3][-]{subsubsection.5.4.3}{QVP}{subsection.5.4}
\BOOKMARK [2][-]{subsection.5.5}{TIMEARRAY\137ARRAY Datasets}{section.5}
\BOOKMARK [3][-]{subsubsection.5.5.1}{TIME\137SUMMARY\137HEIGHT}{subsection.5.5}
\BOOKMARK [2][-]{subsection.5.6}{TRAJ\137ONLY Datasets}{section.5}
\BOOKMARK [3][-]{subsubsection.5.6.1}{TRAJ}{subsection.5.6}
\BOOKMARK [3][-]{subsubsection.5.6.2}{TRAJ\137PLANEHITS}{subsection.5.6}
\BOOKMARK [2][-]{subsection.5.7}{TRAJ\137VOL\137COMPOSITE Datasets}{section.5}
\BOOKMARK [3][-]{subsubsection.5.7.1}{TRAJ\137VOL}{subsection.5.7}
\BOOKMARK [2][-]{subsection.5.8}{VOLUMEGROUP Datasets}{section.5}
\BOOKMARK [3][-]{subsubsection.5.8.1}{QUANTILE}{subsection.5.8}
\BOOKMARK [2][-]{subsection.5.9}{PSR Datasets}{section.5}
\BOOKMARK [3][-]{subsubsection.5.9.1}{PSR\137RAW}{subsection.5.9}
\BOOKMARK [3][-]{subsubsection.5.9.2}{PSR\137MERGE}{subsection.5.9}
\BOOKMARK [3][-]{subsubsection.5.9.3}{PSR\137VERTICAL}{subsection.5.9}
\BOOKMARK [3][-]{subsubsection.5.9.4}{PSR\137SZH}{subsection.5.9}
\BOOKMARK [3][-]{subsubsection.5.9.5}{PSR\137SZV}{subsection.5.9}
\BOOKMARK [3][-]{subsubsection.5.9.6}{PSR\137SZDR}{subsection.5.9}
\BOOKMARK [3][-]{subsubsection.5.9.7}{PSR\137SZDR\137TEXT}{subsection.5.9}
\BOOKMARK [3][-]{subsubsection.5.9.8}{PSR\137SRHOHV}{subsection.5.9}
\BOOKMARK [3][-]{subsubsection.5.9.9}{PSR\137SPHIDP}{subsection.5.9}
\BOOKMARK [3][-]{subsubsection.5.9.10}{PSR\137SPHIDP\137TEXT}{subsection.5.9}
\BOOKMARK [3][-]{subsubsection.5.9.11}{PSR\137DSD}{subsection.5.9}
\BOOKMARK [2][-]{subsection.5.10}{ARRAY\137PSR Datasets}{section.5}
\BOOKMARK [3][-]{subsubsection.5.10.1}{PSR\137FILTER}{subsection.5.10}
\BOOKMARK [3][-]{subsubsection.5.10.2}{PREPROC\137PSR}{subsection.5.10}
\BOOKMARK [2][-]{subsection.5.11}{MONITORING Datasets}{section.5}
\BOOKMARK [3][-]{subsubsection.5.11.1}{MONITORING}{subsection.5.11}
\BOOKMARK [2][-]{subsection.5.12}{ARRAY\137VOL Datasets}{section.5}
\BOOKMARK [3][-]{subsubsection.5.12.1}{PREPROCESSING}{subsection.5.12}
\BOOKMARK [3][-]{subsubsection.5.12.2}{MEANZ}{subsection.5.12}
\BOOKMARK [3][-]{subsubsection.5.12.3}{XVSC\137POSITION}{subsection.5.12}
\BOOKMARK [3][-]{subsubsection.5.12.4}{ATTENUATION}{subsection.5.12}
\BOOKMARK [3][-]{subsubsection.5.12.5}{HYDROCLASS}{subsection.5.12}
\BOOKMARK [3][-]{subsubsection.5.12.6}{PHIDP\137KDP}{subsection.5.12}
\BOOKMARK [2][-]{subsection.5.13}{SUN\137MONITORING Datasets}{section.5}
\BOOKMARK [3][-]{subsubsection.5.13.1}{SUN\137MONITORING}{subsection.5.13}
\BOOKMARK [2][-]{subsection.5.14}{XVSC Datasets}{section.5}
\BOOKMARK [3][-]{subsubsection.5.14.1}{XVSC}{subsection.5.14}
\BOOKMARK [2][-]{subsection.5.15}{INTERCOMP Datasets}{section.5}
\BOOKMARK [3][-]{subsubsection.5.15.1}{INTERCOMP}{subsection.5.15}
\BOOKMARK [3][-]{subsubsection.5.15.2}{INTERCOMP\137TIME\137AVG}{subsection.5.15}
\BOOKMARK [2][-]{subsection.5.16}{HISTOGRAM Datasets}{section.5}
\BOOKMARK [3][-]{subsubsection.5.16.1}{HISTOGRAM}{subsection.5.16}
\BOOKMARK [2][-]{subsection.5.17}{COMPOSITE\137VOLUME datasets}{section.5}
\BOOKMARK [1][-]{section.6}{Products}{}
\BOOKMARK [2][-]{subsection.6.1}{VOL Products}{section.6}
