\BOOKMARK [1][-]{section.1}{Introduction}{}% 1
\BOOKMARK [2][-]{subsection.1.1}{Motivation for Separating Code and Configuration}{section.1}% 2
\BOOKMARK [2][-]{subsection.1.2}{Rationale and other sources of information}{section.1}% 3
\BOOKMARK [1][-]{section.2}{Data Processing}{}% 4
\BOOKMARK [2][-]{subsection.2.1}{Data Processing}{section.2}% 5
\BOOKMARK [3][-]{subsubsection.2.1.1}{Process data real time \(main\137process\137data\137rt.py\)}{subsection.2.1}% 6
\BOOKMARK [3][-]{subsubsection.2.1.2}{Process data \(main\137process\137data.py\)}{subsection.2.1}% 7
\BOOKMARK [3][-]{subsubsection.2.1.3}{Process data \(main\137process\137data\137period.py\)}{subsection.2.1}% 8
\BOOKMARK [3][-]{subsubsection.2.1.4}{Process trajectories \(process\137trajectory.py\)}{subsection.2.1}% 9
\BOOKMARK [1][-]{section.3}{Configuration}{}% 10
\BOOKMARK [2][-]{subsection.3.1}{Main Configuration File}{section.3}% 11
\BOOKMARK [2][-]{subsection.3.2}{Location Configuration File}{section.3}% 12
\BOOKMARK [1][-]{section.4}{Product Generation Configuration}{}% 13
\BOOKMARK [2][-]{subsection.4.1}{Basic Concept}{section.4}% 14
\BOOKMARK [2][-]{subsection.4.2}{Input Volume Datatypes}{section.4}% 15
\BOOKMARK [2][-]{subsection.4.3}{Product Configuration File}{section.4}% 16
\BOOKMARK [2][-]{subsection.4.4}{The concept of processing level}{section.4}% 17
\BOOKMARK [1][-]{section.5}{Datasets}{}% 18
\BOOKMARK [2][-]{subsection.5.1}{Dataset type and format}{section.5}% 19
\BOOKMARK [2][-]{subsection.5.2}{Datasets and configuration parameters}{section.5}% 20
\BOOKMARK [1][-]{section.6}{Products}{}% 21
\BOOKMARK [2][-]{subsection.6.1}{VOL products}{section.6}% 22
\BOOKMARK [3][-]{subsubsection.6.1.1}{PPI\137IMAGE}{subsection.6.1}% 23
\BOOKMARK [3][-]{subsubsection.6.1.2}{PPI\137MAP}{subsection.6.1}% 24
\BOOKMARK [3][-]{subsubsection.6.1.3}{PSEUDOPPI\137IMAGE}{subsection.6.1}% 25
\BOOKMARK [3][-]{subsubsection.6.1.4}{PSEUDOPPI\137MAP}{subsection.6.1}% 26
\BOOKMARK [3][-]{subsubsection.6.1.5}{PSEUDORHI\137IMAGE}{subsection.6.1}% 27
\BOOKMARK [3][-]{subsubsection.6.1.6}{RHI\137PROFILE}{subsection.6.1}% 28
\BOOKMARK [3][-]{subsubsection.6.1.7}{CAPPI\137IMAGE}{subsection.6.1}% 29
\BOOKMARK [3][-]{subsubsection.6.1.8}{PLOT\137ALONG\137COORD}{subsection.6.1}% 30
\BOOKMARK [3][-]{subsubsection.6.1.9}{BSCOPE\137IMAGE}{subsection.6.1}% 31
\BOOKMARK [3][-]{subsubsection.6.1.10}{TIME\137RANGE}{subsection.6.1}% 32
\BOOKMARK [3][-]{subsubsection.6.1.11}{HISTOGRAM}{subsection.6.1}% 33
\BOOKMARK [3][-]{subsubsection.6.1.12}{QUANTILES}{subsection.6.1}% 34
\BOOKMARK [3][-]{subsubsection.6.1.13}{FIELD\137COVERAGE}{subsection.6.1}% 35
\BOOKMARK [3][-]{subsubsection.6.1.14}{CDF}{subsection.6.1}% 36
\BOOKMARK [3][-]{subsubsection.6.1.15}{SAVEVOL}{subsection.6.1}% 37
\BOOKMARK [3][-]{subsubsection.6.1.16}{SAVESTATE}{subsection.6.1}% 38
\BOOKMARK [3][-]{subsubsection.6.1.17}{SAVEALL}{subsection.6.1}% 39
\BOOKMARK [2][-]{subsection.6.2}{Timeseries products}{section.6}% 40
\BOOKMARK [2][-]{subsection.6.3}{Grid products}{section.6}% 41
\BOOKMARK [2][-]{subsection.6.4}{TIMEAVG products}{section.6}% 42
\BOOKMARK [2][-]{subsection.6.5}{SUN\137HITS products}{section.6}% 43
\BOOKMARK [2][-]{subsection.6.6}{MONITORING products}{section.6}% 44
\BOOKMARK [2][-]{subsection.6.7}{OCCURRENCE products}{section.6}% 45
\BOOKMARK [2][-]{subsection.6.8}{INTERCOMP products}{section.6}% 46
\BOOKMARK [2][-]{subsection.6.9}{TRAJ\137ONLY products}{section.6}% 47
\BOOKMARK [2][-]{subsection.6.10}{COLOCATED\137GATES}{section.6}% 48
\BOOKMARK [2][-]{subsection.6.11}{COSMO\137COORD products}{section.6}% 49
\BOOKMARK [2][-]{subsection.6.12}{QVP products}{section.6}% 50
\BOOKMARK [1][-]{section.7}{GECSX interface}{}% 51
\BOOKMARK [2][-]{subsection.7.1}{GECSX parameters in the main configuration file}{section.7}% 52
\BOOKMARK [2][-]{subsection.7.2}{In the local configuration file}{section.7}% 53
\BOOKMARK [2][-]{subsection.7.3}{In the product configuration file}{section.7}% 54
\BOOKMARK [2][-]{subsection.7.4}{GECSX outputs}{section.7}% 55
